[ 2018-03-22T09:08:55+08:00 ] 127.0.0.1 /index.php/Admin/Index/index.html
NOTIC: [8] Use of undefined constant SHOW_PAGE_TRACE - assumed 'SHOW_PAGE_TRACE' E:\TM\ags\sc1\sch1\App\Common\Conf\debug.php 第 4 行.
INFO: [ app_init ] --START--
INFO: Run Behavior\BuildLiteBehavior [ RunTime:0.000011s ]
INFO: [ app_init ] --END-- [ RunTime:0.000066s ]
INFO: [ app_begin ] --START--
INFO: Run Behavior\ReadHtmlCacheBehavior [ RunTime:0.000529s ]
INFO: [ app_begin ] --END-- [ RunTime:0.000573s ]

[ 2018-03-22T09:08:58+08:00 ] 127.0.0.1 /index.php/Admin/Login/index.html
NOTIC: [8] Use of undefined constant SHOW_PAGE_TRACE - assumed 'SHOW_PAGE_TRACE' E:\TM\ags\sc1\sch1\App\Common\Conf\debug.php 第 4 行.
INFO: [ app_init ] --START--
INFO: Run Behavior\BuildLiteBehavior [ RunTime:0.000006s ]
INFO: [ app_init ] --END-- [ RunTime:0.000035s ]
INFO: [ app_begin ] --START--
INFO: Run Behavior\ReadHtmlCacheBehavior [ RunTime:0.000576s ]
INFO: [ app_begin ] --END-- [ RunTime:0.000614s ]
SQL: SHOW COLUMNS FROM `lr_program` [ RunTime:0.0396s ]
SQL: SELECT * FROM `lr_program` LIMIT 1   [ RunTime:0.0004s ]
INFO: [ view_parse ] --START--
INFO: [ template_filter ] --START--
INFO: Run Behavior\ContentReplaceBehavior [ RunTime:0.099891s ]
INFO: [ template_filter ] --END-- [ RunTime:0.100019s ]
NOTIC: [8] Undefined variable: key E:\TM\ags\sc1\sch1\App\Runtime\Cache\Admin\f0f0edaa955fd2857dedea53d1ab9ca3.php 第 28 行.
INFO: Run Behavior\ParseTemplateBehavior [ RunTime:0.198986s ]
INFO: [ view_parse ] --END-- [ RunTime:0.199075s ]
INFO: [ view_filter ] --START--
INFO: Run Behavior\WriteHtmlCacheBehavior [ RunTime:0.013087s ]
INFO: [ view_filter ] --END-- [ RunTime:0.013185s ]
INFO: [ app_end ] --START--
INFO: Run Behavior\ShowPageTraceBehavior [ RunTime:0.025776s ]
INFO: [ app_end ] --END-- [ RunTime:0.025914s ]

[ 2018-03-22T09:08:58+08:00 ] 127.0.0.1 /index.php/Admin/Login/lib/jquery/1.9.1/jquery.min.js
NOTIC: [8] Use of undefined constant SHOW_PAGE_TRACE - assumed 'SHOW_PAGE_TRACE' E:\TM\ags\sc1\sch1\App\Common\Conf\debug.php 第 4 行.
INFO: [ app_init ] --START--
INFO: Run Behavior\BuildLiteBehavior [ RunTime:0.000007s ]
INFO: [ app_init ] --END-- [ RunTime:0.000037s ]
INFO: [ app_begin ] --START--
INFO: Run Behavior\ReadHtmlCacheBehavior [ RunTime:0.000543s ]
INFO: [ app_begin ] --END-- [ RunTime:0.000583s ]
ERR: 非法操作:lib

[ 2018-03-22T09:08:59+08:00 ] 127.0.0.1 /index.php/Admin/Login/static/h-ui/js/H-ui.min.js
NOTIC: [8] Use of undefined constant SHOW_PAGE_TRACE - assumed 'SHOW_PAGE_TRACE' E:\TM\ags\sc1\sch1\App\Common\Conf\debug.php 第 4 行.
INFO: [ app_init ] --START--
INFO: Run Behavior\BuildLiteBehavior [ RunTime:0.000008s ]
INFO: [ app_init ] --END-- [ RunTime:0.000040s ]
INFO: [ app_begin ] --START--
INFO: Run Behavior\ReadHtmlCacheBehavior [ RunTime:0.000507s ]
INFO: [ app_begin ] --END-- [ RunTime:0.000544s ]
ERR: 非法操作:static

[ 2018-03-22T09:09:07+08:00 ] 127.0.0.1 /index.php/Admin/Login/index.html?key=
NOTIC: [8] Use of undefined constant SHOW_PAGE_TRACE - assumed 'SHOW_PAGE_TRACE' E:\TM\ags\sc1\sch1\App\Common\Conf\debug.php 第 4 行.
INFO: [ app_init ] --START--
INFO: Run Behavior\BuildLiteBehavior [ RunTime:0.000009s ]
INFO: [ app_init ] --END-- [ RunTime:0.000058s ]
INFO: [ app_begin ] --START--
INFO: Run Behavior\ReadHtmlCacheBehavior [ RunTime:0.000582s ]
INFO: [ app_begin ] --END-- [ RunTime:0.000635s ]
SQL: SHOW COLUMNS FROM `lr_adminuser` [ RunTime:0.1730s ]
SQL: SELECT * FROM `lr_adminuser` WHERE ( name='admin' AND del<1 ) LIMIT 1   [ RunTime:0.0064s ]
SQL: SHOW COLUMNS FROM `lr_program` [ RunTime:0.0046s ]
SQL: SELECT * FROM `lr_program` LIMIT 1   [ RunTime:0.0003s ]
NOTIC: [8] Undefined index: shop_id E:\TM\ags\sc1\sch1\App\Admin\Controller\LoginController.class.php 第 21 行.
INFO: [ app_end ] --START--
INFO: Run Behavior\ShowPageTraceBehavior [ RunTime:0.000744s ]
INFO: [ app_end ] --END-- [ RunTime:0.000785s ]

[ 2018-03-22T09:09:08+08:00 ] 127.0.0.1 /index.php/Admin/Index/index.html
NOTIC: [8] Use of undefined constant SHOW_PAGE_TRACE - assumed 'SHOW_PAGE_TRACE' E:\TM\ags\sc1\sch1\App\Common\Conf\debug.php 第 4 行.
INFO: [ app_init ] --START--
INFO: Run Behavior\BuildLiteBehavior [ RunTime:0.000008s ]
INFO: [ app_init ] --END-- [ RunTime:0.000041s ]
INFO: [ app_begin ] --START--
INFO: Run Behavior\ReadHtmlCacheBehavior [ RunTime:0.000590s ]
INFO: [ app_begin ] --END-- [ RunTime:0.000638s ]
SQL: SHOW COLUMNS FROM `lr_web` [ RunTime:0.0306s ]
SQL: SELECT `concent` FROM `lr_web` WHERE ( id=5 ) LIMIT 1   [ RunTime:0.0096s ]
INFO: [ view_parse ] --START--
INFO: [ template_filter ] --START--
INFO: Run Behavior\ContentReplaceBehavior [ RunTime:0.000076s ]
INFO: [ template_filter ] --END-- [ RunTime:0.000112s ]
INFO: Run Behavior\ParseTemplateBehavior [ RunTime:0.085624s ]
INFO: [ view_parse ] --END-- [ RunTime:0.085674s ]
INFO: [ view_filter ] --START--
INFO: Run Behavior\WriteHtmlCacheBehavior [ RunTime:0.000365s ]
INFO: [ view_filter ] --END-- [ RunTime:0.000390s ]
INFO: [ app_end ] --START--
INFO: Run Behavior\ShowPageTraceBehavior [ RunTime:0.000513s ]
INFO: [ app_end ] --END-- [ RunTime:0.000547s ]

[ 2018-03-22T09:09:08+08:00 ] 127.0.0.1 /index.php/Admin/Page/adminindex.html
NOTIC: [8] Use of undefined constant SHOW_PAGE_TRACE - assumed 'SHOW_PAGE_TRACE' E:\TM\ags\sc1\sch1\App\Common\Conf\debug.php 第 4 行.
INFO: [ app_init ] --START--
INFO: Run Behavior\BuildLiteBehavior [ RunTime:0.000009s ]
INFO: [ app_init ] --END-- [ RunTime:0.000054s ]
INFO: [ app_begin ] --START--
INFO: Run Behavior\ReadHtmlCacheBehavior [ RunTime:0.000547s ]
INFO: [ app_begin ] --END-- [ RunTime:0.000585s ]
INFO: [ view_parse ] --START--
INFO: [ template_filter ] --START--
INFO: Run Behavior\ContentReplaceBehavior [ RunTime:0.000037s ]
INFO: [ template_filter ] --END-- [ RunTime:0.000071s ]
INFO: Run Behavior\ParseTemplateBehavior [ RunTime:0.028964s ]
INFO: [ view_parse ] --END-- [ RunTime:0.029017s ]
INFO: [ view_filter ] --START--
INFO: Run Behavior\WriteHtmlCacheBehavior [ RunTime:0.000406s ]
INFO: [ view_filter ] --END-- [ RunTime:0.000438s ]
INFO: [ app_end ] --START--
INFO: Run Behavior\ShowPageTraceBehavior [ RunTime:0.000588s ]
INFO: [ app_end ] --END-- [ RunTime:0.000619s ]

[ 2018-03-22T09:11:01+08:00 ] 127.0.0.1 /index.php/Admin/Product/add.html
NOTIC: [8] Use of undefined constant SHOW_PAGE_TRACE - assumed 'SHOW_PAGE_TRACE' E:\TM\ags\sc1\sch1\App\Common\Conf\debug.php 第 4 行.
INFO: [ app_init ] --START--
INFO: Run Behavior\BuildLiteBehavior [ RunTime:0.000007s ]
INFO: [ app_init ] --END-- [ RunTime:0.000040s ]
INFO: [ app_begin ] --START--
INFO: Run Behavior\ReadHtmlCacheBehavior [ RunTime:0.000560s ]
INFO: [ app_begin ] --END-- [ RunTime:0.000598s ]
NOTIC: [8] Undefined index: id E:\TM\ags\sc1\sch1\App\Admin\Controller\ProductController.class.php 第 66 行.
NOTIC: [8] Undefined index: page E:\TM\ags\sc1\sch1\App\Admin\Controller\ProductController.class.php 第 67 行.
NOTIC: [8] Undefined index: name E:\TM\ags\sc1\sch1\App\Admin\Controller\ProductController.class.php 第 68 行.
NOTIC: [8] Undefined index: type E:\TM\ags\sc1\sch1\App\Admin\Controller\ProductController.class.php 第 69 行.
NOTIC: [8] Undefined index: submit E:\TM\ags\sc1\sch1\App\Admin\Controller\ProductController.class.php 第 71 行.
SQL: SHOW COLUMNS FROM `lr_category` [ RunTime:0.0076s ]
SQL: SELECT `id`,`name` FROM `lr_category` WHERE ( tid=1 )  [ RunTime:0.0004s ]
NOTIC: [2] Illegal string offset 'cid' E:\TM\ags\sc1\sch1\App\Admin\Controller\ProductController.class.php 第 225 行.
NOTIC: [8] Uninitialized string offset: 0 E:\TM\ags\sc1\sch1\App\Admin\Controller\ProductController.class.php 第 225 行.
SQL: SELECT `tid` FROM `lr_category` WHERE ( id=0 ) LIMIT 1   [ RunTime:0.0003s ]
NOTIC: [8] Undefined index: photo_string E:\TM\ags\sc1\sch1\App\Admin\Controller\ProductController.class.php 第 233 行.
SQL: SHOW COLUMNS FROM `lr_brand` [ RunTime:0.0052s ]
SQL: SELECT `id`,`name` FROM `lr_brand` WHERE ( 1=1 )  [ RunTime:0.0004s ]
NOTIC: [8] Undefined variable: shop_id E:\TM\ags\sc1\sch1\App\Admin\Controller\ProductController.class.php 第 250 行.
INFO: [ view_parse ] --START--
INFO: [ template_filter ] --START--
INFO: Run Behavior\ContentReplaceBehavior [ RunTime:0.000418s ]
INFO: [ template_filter ] --END-- [ RunTime:0.000515s ]
NOTIC: [8] Undefined variable: img E:\TM\ags\sc1\sch1\App\Runtime\Cache\Admin\7f798b353c5b1a865ba027ccbfdac8e6.php 第 33 行.
NOTIC: [8] Undefined variable: img E:\TM\ags\sc1\sch1\App\Runtime\Cache\Admin\7f798b353c5b1a865ba027ccbfdac8e6.php 第 33 行.
NOTIC: [8] Undefined variable: img E:\TM\ags\sc1\sch1\App\Runtime\Cache\Admin\7f798b353c5b1a865ba027ccbfdac8e6.php 第 33 行.
NOTIC: [2] Division by zero E:\TM\ags\sc1\sch1\App\Runtime\Cache\Admin\7f798b353c5b1a865ba027ccbfdac8e6.php 第 33 行.
NOTIC: [8] Undefined index: name E:\TM\ags\sc1\sch1\App\Runtime\Cache\Admin\7f798b353c5b1a865ba027ccbfdac8e6.php 第 91 行.
NOTIC: [8] Undefined index: name E:\TM\ags\sc1\sch1\App\Runtime\Cache\Admin\7f798b353c5b1a865ba027ccbfdac8e6.php 第 98 行.
NOTIC: [8] Undefined variable: catetwo E:\TM\ags\sc1\sch1\App\Runtime\Cache\Admin\7f798b353c5b1a865ba027ccbfdac8e6.php 第 113 行.
NOTIC: [8] Undefined index: brand_id E:\TM\ags\sc1\sch1\App\Runtime\Cache\Admin\7f798b353c5b1a865ba027ccbfdac8e6.php 第 134 行.
NOTIC: [8] Undefined index: brand_id E:\TM\ags\sc1\sch1\App\Runtime\Cache\Admin\7f798b353c5b1a865ba027ccbfdac8e6.php 第 134 行.
NOTIC: [8] Undefined index: brand_id E:\TM\ags\sc1\sch1\App\Runtime\Cache\Admin\7f798b353c5b1a865ba027ccbfdac8e6.php 第 134 行.
NOTIC: [8] Undefined index: brand_id E:\TM\ags\sc1\sch1\App\Runtime\Cache\Admin\7f798b353c5b1a865ba027ccbfdac8e6.php 第 134 行.
NOTIC: [8] Undefined index: brand_id E:\TM\ags\sc1\sch1\App\Runtime\Cache\Admin\7f798b353c5b1a865ba027ccbfdac8e6.php 第 134 行.
NOTIC: [8] Undefined index: brand_id E:\TM\ags\sc1\sch1\App\Runtime\Cache\Admin\7f798b353c5b1a865ba027ccbfdac8e6.php 第 134 行.
NOTIC: [8] Undefined index: brand_id E:\TM\ags\sc1\sch1\App\Runtime\Cache\Admin\7f798b353c5b1a865ba027ccbfdac8e6.php 第 134 行.
NOTIC: [8] Undefined index: brand_id E:\TM\ags\sc1\sch1\App\Runtime\Cache\Admin\7f798b353c5b1a865ba027ccbfdac8e6.php 第 134 行.
NOTIC: [8] Undefined index: brand_id E:\TM\ags\sc1\sch1\App\Runtime\Cache\Admin\7f798b353c5b1a865ba027ccbfdac8e6.php 第 134 行.
NOTIC: [8] Undefined index: company E:\TM\ags\sc1\sch1\App\Runtime\Cache\Admin\7f798b353c5b1a865ba027ccbfdac8e6.php 第 145 行.
NOTIC: [8] Undefined index: price E:\TM\ags\sc1\sch1\App\Runtime\Cache\Admin\7f798b353c5b1a865ba027ccbfdac8e6.php 第 155 行.
NOTIC: [8] Undefined index: price_yh E:\TM\ags\sc1\sch1\App\Runtime\Cache\Admin\7f798b353c5b1a865ba027ccbfdac8e6.php 第 161 行.
NOTIC: [8] Undefined index: price_jf E:\TM\ags\sc1\sch1\App\Runtime\Cache\Admin\7f798b353c5b1a865ba027ccbfdac8e6.php 第 167 行.
NOTIC: [8] Undefined index: pro_number E:\TM\ags\sc1\sch1\App\Runtime\Cache\Admin\7f798b353c5b1a865ba027ccbfdac8e6.php 第 173 行.
NOTIC: [8] Undefined index: num E:\TM\ags\sc1\sch1\App\Runtime\Cache\Admin\7f798b353c5b1a865ba027ccbfdac8e6.php 第 181 行.
NOTIC: [8] Undefined index: photo_x E:\TM\ags\sc1\sch1\App\Runtime\Cache\Admin\7f798b353c5b1a865ba027ccbfdac8e6.php 第 188 行.
NOTIC: [8] Undefined index: photo_d E:\TM\ags\sc1\sch1\App\Runtime\Cache\Admin\7f798b353c5b1a865ba027ccbfdac8e6.php 第 199 行.
NOTIC: [8] Undefined variable: img_str E:\TM\ags\sc1\sch1\App\Runtime\Cache\Admin\7f798b353c5b1a865ba027ccbfdac8e6.php 第 211 行.
NOTIC: [8] Undefined index: content E:\TM\ags\sc1\sch1\App\Runtime\Cache\Admin\7f798b353c5b1a865ba027ccbfdac8e6.php 第 243 行.
NOTIC: [8] Undefined index: renqi E:\TM\ags\sc1\sch1\App\Runtime\Cache\Admin\7f798b353c5b1a865ba027ccbfdac8e6.php 第 251 行.
NOTIC: [8] Undefined index: is_show E:\TM\ags\sc1\sch1\App\Runtime\Cache\Admin\7f798b353c5b1a865ba027ccbfdac8e6.php 第 259 行.
NOTIC: [8] Undefined index: is_show E:\TM\ags\sc1\sch1\App\Runtime\Cache\Admin\7f798b353c5b1a865ba027ccbfdac8e6.php 第 260 行.
NOTIC: [8] Undefined index: is_hot E:\TM\ags\sc1\sch1\App\Runtime\Cache\Admin\7f798b353c5b1a865ba027ccbfdac8e6.php 第 267 行.
NOTIC: [8] Undefined index: is_hot E:\TM\ags\sc1\sch1\App\Runtime\Cache\Admin\7f798b353c5b1a865ba027ccbfdac8e6.php 第 268 行.
NOTIC: [8] Undefined index: id E:\TM\ags\sc1\sch1\App\Runtime\Cache\Admin\7f798b353c5b1a865ba027ccbfdac8e6.php 第 284 行.
INFO: Run Behavior\ParseTemplateBehavior [ RunTime:0.050526s ]
INFO: [ view_parse ] --END-- [ RunTime:0.050605s ]
INFO: [ view_filter ] --START--
INFO: Run Behavior\WriteHtmlCacheBehavior [ RunTime:0.001239s ]
INFO: [ view_filter ] --END-- [ RunTime:0.001329s ]
INFO: [ app_end ] --START--
INFO: Run Behavior\ShowPageTraceBehavior [ RunTime:0.001761s ]
INFO: [ app_end ] --END-- [ RunTime:0.001858s ]

[ 2018-03-22T09:11:02+08:00 ] 127.0.0.1 /index.php/Admin/Product/index.html
NOTIC: [8] Use of undefined constant SHOW_PAGE_TRACE - assumed 'SHOW_PAGE_TRACE' E:\TM\ags\sc1\sch1\App\Common\Conf\debug.php 第 4 行.
INFO: [ app_init ] --START--
INFO: Run Behavior\BuildLiteBehavior [ RunTime:0.000008s ]
INFO: [ app_init ] --END-- [ RunTime:0.000040s ]
INFO: [ app_begin ] --START--
INFO: Run Behavior\ReadHtmlCacheBehavior [ RunTime:0.000646s ]
INFO: [ app_begin ] --END-- [ RunTime:0.000692s ]
NOTIC: [8] Undefined index: id E:\TM\ags\sc1\sch1\App\Admin\Controller\ProductController.class.php 第 14 行.
NOTIC: [8] Undefined index: shop_id E:\TM\ags\sc1\sch1\App\Admin\Controller\ProductController.class.php 第 15 行.
NOTIC: [8] Undefined index: type E:\TM\ags\sc1\sch1\App\Admin\Controller\ProductController.class.php 第 18 行.
NOTIC: [8] Undefined index: tuijian E:\TM\ags\sc1\sch1\App\Admin\Controller\ProductController.class.php 第 19 行.
NOTIC: [8] Undefined index: name E:\TM\ags\sc1\sch1\App\Admin\Controller\ProductController.class.php 第 20 行.
SQL: SHOW COLUMNS FROM `lr_product` [ RunTime:0.0136s ]
SQL: SELECT COUNT(*) AS tp_count FROM `lr_product` WHERE ( 1=1 AND pro_type=1 AND del<1 ) LIMIT 1   [ RunTime:0.0423s ]
NOTIC: [8] Undefined index: page E:\TM\ags\sc1\sch1\App\Admin\Controller\ProductController.class.php 第 32 行.
SQL: SELECT * FROM `lr_product` WHERE ( 1=1 AND pro_type=1 AND del<1 ) ORDER BY addtime desc LIMIT 0,5   [ RunTime:0.0008s ]
SQL: SHOW COLUMNS FROM `lr_category` [ RunTime:0.0221s ]
SQL: SELECT `name` FROM `lr_category` WHERE ( id=17 ) LIMIT 1   [ RunTime:0.0003s ]
SQL: SHOW COLUMNS FROM `lr_brand` [ RunTime:0.0044s ]
SQL: SELECT `name` FROM `lr_brand` WHERE ( id=6 ) LIMIT 1   [ RunTime:0.0003s ]
SQL: SELECT `name` FROM `lr_category` WHERE ( id=9 ) LIMIT 1   [ RunTime:0.0002s ]
SQL: SELECT `name` FROM `lr_brand` WHERE ( id=4 ) LIMIT 1   [ RunTime:0.0002s ]
SQL: SELECT `name` FROM `lr_category` WHERE ( id=15 ) LIMIT 1   [ RunTime:0.0002s ]
SQL: SELECT `name` FROM `lr_brand` WHERE ( id=7 ) LIMIT 1   [ RunTime:0.0002s ]
SQL: SELECT `name` FROM `lr_category` WHERE ( id=15 ) LIMIT 1   [ RunTime:0.0002s ]
SQL: SELECT `name` FROM `lr_brand` WHERE ( id=7 ) LIMIT 1   [ RunTime:0.0002s ]
SQL: SELECT `name` FROM `lr_category` WHERE ( id=8 ) LIMIT 1   [ RunTime:0.0002s ]
SQL: SELECT `name` FROM `lr_brand` WHERE ( id=7 ) LIMIT 1   [ RunTime:0.0002s ]
INFO: [ view_parse ] --START--
INFO: [ template_filter ] --START--
INFO: Run Behavior\ContentReplaceBehavior [ RunTime:0.000100s ]
INFO: [ template_filter ] --END-- [ RunTime:0.000137s ]
INFO: Run Behavior\ParseTemplateBehavior [ RunTime:0.030419s ]
INFO: [ view_parse ] --END-- [ RunTime:0.030469s ]
INFO: [ view_filter ] --START--
INFO: Run Behavior\WriteHtmlCacheBehavior [ RunTime:0.000538s ]
INFO: [ view_filter ] --END-- [ RunTime:0.000574s ]
INFO: [ app_end ] --START--
INFO: Run Behavior\ShowPageTraceBehavior [ RunTime:0.000762s ]
INFO: [ app_end ] --END-- [ RunTime:0.000818s ]

[ 2018-03-22T09:11:07+08:00 ] 127.0.0.1 /index.php/Admin/Brand/add.html
NOTIC: [8] Use of undefined constant SHOW_PAGE_TRACE - assumed 'SHOW_PAGE_TRACE' E:\TM\ags\sc1\sch1\App\Common\Conf\debug.php 第 4 行.
INFO: [ app_init ] --START--
INFO: Run Behavior\BuildLiteBehavior [ RunTime:0.000007s ]
INFO: [ app_init ] --END-- [ RunTime:0.000040s ]
INFO: [ app_begin ] --START--
INFO: Run Behavior\ReadHtmlCacheBehavior [ RunTime:0.000591s ]
INFO: [ app_begin ] --END-- [ RunTime:0.000633s ]
SQL: SHOW COLUMNS FROM `lr_brand` [ RunTime:0.0041s ]
NOTIC: [8] Undefined index: id E:\TM\ags\sc1\sch1\App\Admin\Controller\BrandController.class.php 第 60 行.
INFO: [ view_parse ] --START--
INFO: [ template_filter ] --START--
INFO: Run Behavior\ContentReplaceBehavior [ RunTime:0.000049s ]
INFO: [ template_filter ] --END-- [ RunTime:0.000096s ]
NOTIC: [8] Undefined variable: brand_info E:\TM\ags\sc1\sch1\App\Runtime\Cache\Admin\0339691b9862dce0987849959f1f76a1.php 第 36 行.
NOTIC: [8] Undefined variable: brand_info E:\TM\ags\sc1\sch1\App\Runtime\Cache\Admin\0339691b9862dce0987849959f1f76a1.php 第 50 行.
NOTIC: [8] Undefined variable: id E:\TM\ags\sc1\sch1\App\Runtime\Cache\Admin\0339691b9862dce0987849959f1f76a1.php 第 74 行.
INFO: Run Behavior\ParseTemplateBehavior [ RunTime:0.012286s ]
INFO: [ view_parse ] --END-- [ RunTime:0.012316s ]
INFO: [ view_filter ] --START--
INFO: Run Behavior\WriteHtmlCacheBehavior [ RunTime:0.000374s ]
INFO: [ view_filter ] --END-- [ RunTime:0.000411s ]
INFO: [ app_end ] --START--
INFO: Run Behavior\ShowPageTraceBehavior [ RunTime:0.000551s ]
INFO: [ app_end ] --END-- [ RunTime:0.000578s ]

[ 2018-03-22T09:11:08+08:00 ] 127.0.0.1 /index.php/Admin/Brand/index.html
NOTIC: [8] Use of undefined constant SHOW_PAGE_TRACE - assumed 'SHOW_PAGE_TRACE' E:\TM\ags\sc1\sch1\App\Common\Conf\debug.php 第 4 行.
INFO: [ app_init ] --START--
INFO: Run Behavior\BuildLiteBehavior [ RunTime:0.000014s ]
INFO: [ app_init ] --END-- [ RunTime:0.000076s ]
INFO: [ app_begin ] --START--
INFO: Run Behavior\ReadHtmlCacheBehavior [ RunTime:0.001171s ]
INFO: [ app_begin ] --END-- [ RunTime:0.001268s ]
SQL: SHOW COLUMNS FROM `lr_brand` [ RunTime:0.0086s ]
NOTIC: [8] Undefined index: brand_name E:\TM\ags\sc1\sch1\App\Admin\Controller\BrandController.class.php 第 20 行.
SQL: SELECT COUNT(*) AS tp_count FROM `lr_brand` LIMIT 1   [ RunTime:0.0005s ]
SQL: SELECT * FROM `lr_brand` LIMIT 0,5   [ RunTime:0.0007s ]
INFO: [ view_parse ] --START--
INFO: [ template_filter ] --START--
INFO: Run Behavior\ContentReplaceBehavior [ RunTime:0.000081s ]
INFO: [ template_filter ] --END-- [ RunTime:0.000128s ]
NOTIC: [8] Undefined variable: name E:\TM\ags\sc1\sch1\App\Runtime\Cache\Admin\ab4b9af6790308501cce30a58d6505ed.php 第 33 行.
INFO: Run Behavior\ParseTemplateBehavior [ RunTime:0.019697s ]
INFO: [ view_parse ] --END-- [ RunTime:0.019754s ]
INFO: [ view_filter ] --START--
INFO: Run Behavior\WriteHtmlCacheBehavior [ RunTime:0.000430s ]
INFO: [ view_filter ] --END-- [ RunTime:0.000466s ]
INFO: [ app_end ] --START--
INFO: Run Behavior\ShowPageTraceBehavior [ RunTime:0.000674s ]
INFO: [ app_end ] --END-- [ RunTime:0.000713s ]

[ 2018-03-22T09:11:13+08:00 ] 127.0.0.1 /index.php/Admin/Adminuser/adminuser.html
NOTIC: [8] Use of undefined constant SHOW_PAGE_TRACE - assumed 'SHOW_PAGE_TRACE' E:\TM\ags\sc1\sch1\App\Common\Conf\debug.php 第 4 行.
INFO: [ app_init ] --START--
INFO: Run Behavior\BuildLiteBehavior [ RunTime:0.000007s ]
INFO: [ app_init ] --END-- [ RunTime:0.000039s ]
INFO: [ app_begin ] --START--
INFO: Run Behavior\ReadHtmlCacheBehavior [ RunTime:0.000558s ]
INFO: [ app_begin ] --END-- [ RunTime:0.000598s ]
NOTIC: [8] Undefined index: id E:\TM\ags\sc1\sch1\App\Admin\Controller\AdminuserController.class.php 第 9 行.
NOTIC: [8] Undefined index: name E:\TM\ags\sc1\sch1\App\Admin\Controller\AdminuserController.class.php 第 10 行.
NOTIC: [8] Undefined index: name E:\TM\ags\sc1\sch1\App\Admin\Controller\AdminuserController.class.php 第 12 行.
SQL: SHOW COLUMNS FROM `lr_adminuser` [ RunTime:0.0045s ]
SQL: SELECT COUNT(*) AS tp_count FROM `lr_adminuser` WHERE ( 1=1 AND del<1 ) LIMIT 1   [ RunTime:0.0003s ]
NOTIC: [8] Undefined index: page E:\TM\ags\sc1\sch1\App\Admin\Controller\AdminuserController.class.php 第 23 行.
SQL: SELECT * FROM `lr_adminuser` WHERE ( 1=1 AND del<1 ) ORDER BY id desc LIMIT 0,10   [ RunTime:0.0004s ]
INFO: [ view_parse ] --START--
INFO: [ template_filter ] --START--
INFO: Run Behavior\ContentReplaceBehavior [ RunTime:0.000077s ]
INFO: [ template_filter ] --END-- [ RunTime:0.000113s ]
NOTIC: [8] Undefined variable: tel E:\TM\ags\sc1\sch1\App\Runtime\Cache\Admin\c6ec897bf2d6cf4dffb88881d4f29975.php 第 28 行.
INFO: Run Behavior\ParseTemplateBehavior [ RunTime:0.036166s ]
INFO: [ view_parse ] --END-- [ RunTime:0.036206s ]
INFO: [ view_filter ] --START--
INFO: Run Behavior\WriteHtmlCacheBehavior [ RunTime:0.000450s ]
INFO: [ view_filter ] --END-- [ RunTime:0.000483s ]
INFO: [ app_end ] --START--
INFO: Run Behavior\ShowPageTraceBehavior [ RunTime:0.000661s ]
INFO: [ app_end ] --END-- [ RunTime:0.000703s ]

[ 2018-03-22T09:11:14+08:00 ] 127.0.0.1 /index.php/Admin/Adminuser/add.html
NOTIC: [8] Use of undefined constant SHOW_PAGE_TRACE - assumed 'SHOW_PAGE_TRACE' E:\TM\ags\sc1\sch1\App\Common\Conf\debug.php 第 4 行.
INFO: [ app_init ] --START--
INFO: Run Behavior\BuildLiteBehavior [ RunTime:0.000037s ]
INFO: [ app_init ] --END-- [ RunTime:0.000130s ]
INFO: [ app_begin ] --START--
INFO: Run Behavior\ReadHtmlCacheBehavior [ RunTime:0.000596s ]
INFO: [ app_begin ] --END-- [ RunTime:0.000640s ]
NOTIC: [8] Undefined index: id E:\TM\ags\sc1\sch1\App\Admin\Controller\AdminuserController.class.php 第 49 行.
NOTIC: [8] Undefined index: submit E:\TM\ags\sc1\sch1\App\Admin\Controller\AdminuserController.class.php 第 50 行.
INFO: [ view_parse ] --START--
INFO: [ template_filter ] --START--
INFO: Run Behavior\ContentReplaceBehavior [ RunTime:0.000056s ]
INFO: [ template_filter ] --END-- [ RunTime:0.000094s ]
NOTIC: [2] Illegal string offset 'name' E:\TM\ags\sc1\sch1\App\Runtime\Cache\Admin\dcc5dfa0c6a6d201e23d3048da34d6f4.php 第 36 行.
NOTIC: [8] Uninitialized string offset: 0 E:\TM\ags\sc1\sch1\App\Runtime\Cache\Admin\dcc5dfa0c6a6d201e23d3048da34d6f4.php 第 36 行.
NOTIC: [2] Illegal string offset 'id' E:\TM\ags\sc1\sch1\App\Runtime\Cache\Admin\dcc5dfa0c6a6d201e23d3048da34d6f4.php 第 50 行.
NOTIC: [8] Uninitialized string offset: 0 E:\TM\ags\sc1\sch1\App\Runtime\Cache\Admin\dcc5dfa0c6a6d201e23d3048da34d6f4.php 第 50 行.
INFO: Run Behavior\ParseTemplateBehavior [ RunTime:0.019258s ]
INFO: [ view_parse ] --END-- [ RunTime:0.019290s ]
INFO: [ view_filter ] --START--
INFO: Run Behavior\WriteHtmlCacheBehavior [ RunTime:0.000397s ]
INFO: [ view_filter ] --END-- [ RunTime:0.000429s ]
INFO: [ app_end ] --START--
INFO: Run Behavior\ShowPageTraceBehavior [ RunTime:0.000541s ]
INFO: [ app_end ] --END-- [ RunTime:0.000575s ]

